{"level":"debug","message":"FUNSGI REGISTER"}
{"level":"debug","message":"FUNSGI REGISTER"}
{"level":"debug","message":"FUNSGI REGISTER"}
{"level":"debug","message":"REQUEST"}
{"level":"info","message":"Starting a postgresql pool with 9 connections.","target":"quaint::pooled","timestamp":"2024-11-15T08:30:47.333Z"}
{"level":"info","message":{"duration":29,"params":"[\"oneamdin\",0]","query":"SELECT COUNT(*) FROM (SELECT \"public\".\"User\".\"user_id\" FROM \"public\".\"User\" WHERE \"public\".\"User\".\"username\" = $1 OFFSET $2) AS \"sub\"","target":"quaint::connector::metrics","timestamp":"2024-11-15T08:30:47.429Z"}}
{"level":"info","message":{"duration":0,"params":"[]","query":"BEGIN","target":"quaint::connector::metrics","timestamp":"2024-11-15T08:30:47.513Z"}}
{"level":"info","message":{"duration":2,"params":"[\"BASE\",0]","query":"SELECT \"public\".\"Role\".\"role_id\" FROM \"public\".\"Role\" WHERE (\"public\".\"Role\".\"name\" = $1 AND 1=1) OFFSET $2","target":"quaint::connector::metrics","timestamp":"2024-11-15T08:30:47.517Z"}}
{"level":"info","message":{"duration":3,"params":"[\"cm3ihbp3q0000akkzh5juao0a\",\"BASE\",\"2024-11-15 08:30:47.510 UTC\",\"2024-11-15 08:30:47.510 UTC\"]","query":"INSERT INTO \"public\".\"Role\" (\"role_id\",\"name\",\"created_at\",\"updated_at\") VALUES ($1,$2,$3,$4) RETURNING \"public\".\"Role\".\"role_id\"","target":"quaint::connector::metrics","timestamp":"2024-11-15T08:30:47.522Z"}}
{"level":"info","message":{"duration":2,"params":"[\"625c1058-464c-43a0-bdb8-6a08a474bd11\",\"oneamdin\",\"oneadmin@mail.com\",\"$2b$10$00W.akrOrgt2suXw3dgi2eihjE4iArULPuuilUVpZ/QgRGmFDvbdy\",\"oneamdin\",false,false,\"2024-11-15 08:30:46.491 UTC\",\"2024-11-15 08:30:47.510 UTC\",\"2024-11-15 08:30:47.510 UTC\",\"cm3ihbp3q0000akkzh5juao0a\"]","query":"INSERT INTO \"public\".\"User\" (\"user_id\",\"username\",\"email\",\"password\",\"full_name\",\"account_is_verified\",\"email_is_verified\",\"password_updated_at\",\"created_at\",\"updated_at\",\"role_id\") VALUES ($1,$2,$3,$4,$5,$6,$7,$8,$9,$10,$11) RETURNING \"public\".\"User\".\"user_id\"","target":"quaint::connector::metrics","timestamp":"2024-11-15T08:30:47.525Z"}}
{"level":"info","message":{"duration":0,"params":"[\"625c1058-464c-43a0-bdb8-6a08a474bd11\",1,0]","query":"SELECT \"public\".\"User\".\"user_id\", \"public\".\"User\".\"username\", \"public\".\"User\".\"email\", \"public\".\"User\".\"password\", \"public\".\"User\".\"full_name\", \"public\".\"User\".\"eoffice_username\", \"public\".\"User\".\"eoffice_password\", \"public\".\"User\".\"account_is_verified\", \"public\".\"User\".\"email_is_verified\", \"public\".\"User\".\"password_updated_at\", \"public\".\"User\".\"created_at\", \"public\".\"User\".\"updated_at\", \"public\".\"User\".\"role_id\" FROM \"public\".\"User\" WHERE \"public\".\"User\".\"user_id\" = $1 LIMIT $2 OFFSET $3","target":"quaint::connector::metrics","timestamp":"2024-11-15T08:30:47.526Z"}}
{"level":"info","message":{"duration":0,"params":"[]","query":"COMMIT","target":"quaint::connector::metrics","timestamp":"2024-11-15T08:30:47.528Z"}}
{"level":"debug","message":"REQUEST"}
{"level":"info","message":"Starting a postgresql pool with 9 connections.","target":"quaint::pooled","timestamp":"2024-11-15T08:31:31.535Z"}
{"level":"info","message":{"duration":3,"params":"[\"oneamdin\",0]","query":"SELECT COUNT(*) FROM (SELECT \"public\".\"User\".\"user_id\" FROM \"public\".\"User\" WHERE \"public\".\"User\".\"username\" = $1 OFFSET $2) AS \"sub\"","target":"quaint::connector::metrics","timestamp":"2024-11-15T08:31:31.677Z"}}
{"level":"debug","message":"REQUEST"}
{"level":"info","message":"Starting a postgresql pool with 9 connections.","target":"quaint::pooled","timestamp":"2024-11-15T08:31:47.798Z"}
{"level":"info","message":{"duration":2,"params":"[\"oneamdin\",0]","query":"SELECT COUNT(*) FROM (SELECT \"public\".\"User\".\"user_id\" FROM \"public\".\"User\" WHERE \"public\".\"User\".\"username\" = $1 OFFSET $2) AS \"sub\"","target":"quaint::connector::metrics","timestamp":"2024-11-15T08:31:47.850Z"}}
{"level":"debug","message":"REQUEST"}
{"level":"info","message":"Starting a postgresql pool with 9 connections.","target":"quaint::pooled","timestamp":"2024-11-15T08:33:45.827Z"}
{"level":"info","message":{"duration":4,"params":"[\"oneamdin\",0]","query":"SELECT COUNT(*) FROM (SELECT \"public\".\"User\".\"user_id\" FROM \"public\".\"User\" WHERE \"public\".\"User\".\"username\" = $1 OFFSET $2) AS \"sub\"","target":"quaint::connector::metrics","timestamp":"2024-11-15T08:33:46.039Z"}}
{"level":"debug","message":"REQUEST"}
{"level":"info","message":"Starting a postgresql pool with 9 connections.","target":"quaint::pooled","timestamp":"2024-11-15T08:35:53.729Z"}
{"level":"info","message":{"duration":2,"params":"[\"oneamdin\",0]","query":"SELECT COUNT(*) FROM (SELECT \"public\".\"User\".\"user_id\" FROM \"public\".\"User\" WHERE \"public\".\"User\".\"username\" = $1 OFFSET $2) AS \"sub\"","target":"quaint::connector::metrics","timestamp":"2024-11-15T08:35:53.773Z"}}
{"level":"debug","message":"REQUEST"}
{"level":"info","message":"Starting a postgresql pool with 9 connections.","target":"quaint::pooled","timestamp":"2024-11-15T08:36:57.009Z"}
{"level":"info","message":{"duration":3,"params":"[\"oneamdin\",0]","query":"SELECT COUNT(*) FROM (SELECT \"public\".\"User\".\"user_id\" FROM \"public\".\"User\" WHERE \"public\".\"User\".\"username\" = $1 OFFSET $2) AS \"sub\"","target":"quaint::connector::metrics","timestamp":"2024-11-15T08:36:57.165Z"}}
{"level":"debug","message":"REQUEST"}
{"level":"debug","message":"REQUEST"}
{"level":"debug","message":"REQUEST"}
{"level":"debug","message":"REQUEST"}
{"level":"\u001b[34mdebug\u001b[39m","message":"REQUEST"}
{"level":"\u001b[34mdebug\u001b[39m","message":"REQUEST"}
{"level":"\u001b[32minfo\u001b[39m","message":"Starting a postgresql pool with 9 connections.","target":"quaint::pooled","timestamp":"2024-11-19T04:11:50.306Z"}
{"level":"\u001b[32minfo\u001b[39m","message":{"duration":2,"params":"[\"dimas_aulia_fachrudin50\",0]","query":"SELECT COUNT(*) FROM (SELECT \"public\".\"User\".\"user_id\" FROM \"public\".\"User\" WHERE \"public\".\"User\".\"username\" = $1 OFFSET $2) AS \"sub\"","target":"quaint::connector::metrics","timestamp":"2024-11-19T04:11:50.363Z"}}
{"level":"\u001b[32minfo\u001b[39m","message":{"duration":0,"params":"[]","query":"BEGIN","target":"quaint::connector::metrics","timestamp":"2024-11-19T04:11:50.423Z"}}
{"level":"\u001b[32minfo\u001b[39m","message":{"duration":1,"params":"[\"BASE\",0]","query":"SELECT \"public\".\"Role\".\"role_id\" FROM \"public\".\"Role\" WHERE (\"public\".\"Role\".\"name\" = $1 AND 1=1) OFFSET $2","target":"quaint::connector::metrics","timestamp":"2024-11-19T04:11:50.425Z"}}
{"level":"\u001b[32minfo\u001b[39m","message":{"duration":1,"params":"[\"2a02a0e4-c34b-431b-8c2f-b97a44e7d4d3\",\"dimas_aulia_fachrudin50\",\"dimasauliafachrudin@gmail.com\",\"$2b$10$rmsj1l2Qqquyd1.mEWGIsux0r.iIbFQqSAtcT5w.nNw5t1u0m1XxC\",\"DIMAS AULIA FACHRUDIN\",false,false,\"2024-11-19 04:11:49.421 UTC\",\"2024-11-19 04:11:50.423 UTC\",\"2024-11-19 04:11:50.423 UTC\",\"cm3ihbp3q0000akkzh5juao0a\"]","query":"INSERT INTO \"public\".\"User\" (\"user_id\",\"username\",\"email\",\"password\",\"full_name\",\"account_is_verified\",\"email_is_verified\",\"password_updated_at\",\"created_at\",\"updated_at\",\"role_id\") VALUES ($1,$2,$3,$4,$5,$6,$7,$8,$9,$10,$11) RETURNING \"public\".\"User\".\"user_id\"","target":"quaint::connector::metrics","timestamp":"2024-11-19T04:11:50.427Z"}}
{"level":"\u001b[32minfo\u001b[39m","message":{"duration":0,"params":"[\"2a02a0e4-c34b-431b-8c2f-b97a44e7d4d3\",1,0]","query":"SELECT \"public\".\"User\".\"user_id\", \"public\".\"User\".\"username\", \"public\".\"User\".\"email\", \"public\".\"User\".\"password\", \"public\".\"User\".\"provider\"::text, \"public\".\"User\".\"provider_id\", \"public\".\"User\".\"full_name\", \"public\".\"User\".\"eoffice_username\", \"public\".\"User\".\"eoffice_password\", \"public\".\"User\".\"account_is_verified\", \"public\".\"User\".\"email_is_verified\", \"public\".\"User\".\"password_updated_at\", \"public\".\"User\".\"created_at\", \"public\".\"User\".\"updated_at\", \"public\".\"User\".\"role_id\" FROM \"public\".\"User\" WHERE \"public\".\"User\".\"user_id\" = $1 LIMIT $2 OFFSET $3","target":"quaint::connector::metrics","timestamp":"2024-11-19T04:11:50.429Z"}}
{"level":"\u001b[32minfo\u001b[39m","message":{"duration":0,"params":"[]","query":"COMMIT","target":"quaint::connector::metrics","timestamp":"2024-11-19T04:11:50.429Z"}}
{"level":"\u001b[32minfo\u001b[39m","message":"Starting a postgresql pool with 9 connections.","target":"quaint::pooled","timestamp":"2024-11-19T04:33:03.526Z"}
{"level":"\u001b[32minfo\u001b[39m","message":{"duration":3,"params":"[\"dimas_aulia_fachrudin_106\",\"dimasauliafachrudin@gmail.com\",0]","query":"SELECT COUNT(*) FROM (SELECT \"public\".\"User\".\"user_id\" FROM \"public\".\"User\" WHERE (\"public\".\"User\".\"username\" = $1 OR \"public\".\"User\".\"email\" = $2) OFFSET $3) AS \"sub\"","target":"quaint::connector::metrics","timestamp":"2024-11-19T04:33:03.573Z"}}
{"level":"\u001b[32minfo\u001b[39m","message":{"duration":0,"params":"[]","query":"BEGIN","target":"quaint::connector::metrics","timestamp":"2024-11-19T04:33:03.637Z"}}
{"level":"\u001b[32minfo\u001b[39m","message":{"duration":2,"params":"[\"BASE\",0]","query":"SELECT \"public\".\"Role\".\"role_id\" FROM \"public\".\"Role\" WHERE (\"public\".\"Role\".\"name\" = $1 AND 1=1) OFFSET $2","target":"quaint::connector::metrics","timestamp":"2024-11-19T04:33:03.640Z"}}
{"level":"\u001b[32minfo\u001b[39m","message":{"duration":2,"params":"[\"d91166fc-46d7-4a1f-a0e8-3702a9c2e79c\",\"dimas_aulia_fachrudin_106\",\"dimasauliafachrudin@gmail.com\",\"$2b$10$mvcqq0fjWpVztasxjBdHxed9QjrakoBZXuEXcHlzXl7OCaU2GcXsy\",\"DIMAS AULIA FACHRUDIN\",false,false,\"2024-11-19 04:33:02.636 UTC\",\"2024-11-19 04:33:03.637 UTC\",\"2024-11-19 04:33:03.637 UTC\",\"cm3ihbp3q0000akkzh5juao0a\"]","query":"INSERT INTO \"public\".\"User\" (\"user_id\",\"username\",\"email\",\"password\",\"full_name\",\"account_is_verified\",\"email_is_verified\",\"password_updated_at\",\"created_at\",\"updated_at\",\"role_id\") VALUES ($1,$2,$3,$4,$5,$6,$7,$8,$9,$10,$11) RETURNING \"public\".\"User\".\"user_id\"","target":"quaint::connector::metrics","timestamp":"2024-11-19T04:33:03.642Z"}}
{"level":"\u001b[32minfo\u001b[39m","message":{"duration":0,"params":"[\"d91166fc-46d7-4a1f-a0e8-3702a9c2e79c\",1,0]","query":"SELECT \"public\".\"User\".\"user_id\", \"public\".\"User\".\"username\", \"public\".\"User\".\"email\", \"public\".\"User\".\"password\", \"public\".\"User\".\"provider\"::text, \"public\".\"User\".\"provider_id\", \"public\".\"User\".\"full_name\", \"public\".\"User\".\"eoffice_username\", \"public\".\"User\".\"eoffice_password\", \"public\".\"User\".\"account_is_verified\", \"public\".\"User\".\"email_is_verified\", \"public\".\"User\".\"password_updated_at\", \"public\".\"User\".\"created_at\", \"public\".\"User\".\"updated_at\", \"public\".\"User\".\"role_id\" FROM \"public\".\"User\" WHERE \"public\".\"User\".\"user_id\" = $1 LIMIT $2 OFFSET $3","target":"quaint::connector::metrics","timestamp":"2024-11-19T04:33:03.643Z"}}
{"level":"\u001b[32minfo\u001b[39m","message":{"duration":0,"params":"[]","query":"COMMIT","target":"quaint::connector::metrics","timestamp":"2024-11-19T04:33:03.644Z"}}
{"level":"\u001b[32minfo\u001b[39m","message":"Starting a postgresql pool with 9 connections.","target":"quaint::pooled","timestamp":"2024-11-19T04:35:32.318Z"}
{"level":"\u001b[32minfo\u001b[39m","message":{"duration":5,"params":"[\"dimas_aulia_fachrudin_140\",\"dimasauliafachrudin@gmail.com\",0]","query":"SELECT COUNT(*) FROM (SELECT \"public\".\"User\".\"user_id\" FROM \"public\".\"User\" WHERE (\"public\".\"User\".\"username\" = $1 OR \"public\".\"User\".\"email\" = $2) OFFSET $3) AS \"sub\"","target":"quaint::connector::metrics","timestamp":"2024-11-19T04:35:32.367Z"}}
{"level":"\u001b[32minfo\u001b[39m","message":{"duration":0,"params":"[\"dimas_aulia_fachrudin_402\",\"dimas.auliafachrudin.tik19@mhsw.pnj.ac.id\",0]","query":"SELECT COUNT(*) FROM (SELECT \"public\".\"User\".\"user_id\" FROM \"public\".\"User\" WHERE (\"public\".\"User\".\"username\" = $1 OR \"public\".\"User\".\"email\" = $2) OFFSET $3) AS \"sub\"","target":"quaint::connector::metrics","timestamp":"2024-11-19T04:35:41.866Z"}}
{"level":"\u001b[32minfo\u001b[39m","message":{"duration":0,"params":"[]","query":"BEGIN","target":"quaint::connector::metrics","timestamp":"2024-11-19T04:35:41.924Z"}}
{"level":"\u001b[32minfo\u001b[39m","message":{"duration":2,"params":"[\"BASE\",0]","query":"SELECT \"public\".\"Role\".\"role_id\" FROM \"public\".\"Role\" WHERE (\"public\".\"Role\".\"name\" = $1 AND 1=1) OFFSET $2","target":"quaint::connector::metrics","timestamp":"2024-11-19T04:35:41.927Z"}}
{"level":"\u001b[32minfo\u001b[39m","message":{"duration":1,"params":"[\"4194f843-a235-4b98-ae67-b7a6dfe712bc\",\"dimas_aulia_fachrudin_402\",\"dimas.auliafachrudin.tik19@mhsw.pnj.ac.id\",\"$2b$10$y7idJw15Cqa8T39rh36qh.hqNY2GyZrAOR/sKque8xYEm9Fx2Wypi\",\"Dimas Aulia Fachrudin\",false,false,\"2024-11-19 04:35:40.923 UTC\",\"2024-11-19 04:35:41.925 UTC\",\"2024-11-19 04:35:41.925 UTC\",\"cm3ihbp3q0000akkzh5juao0a\"]","query":"INSERT INTO \"public\".\"User\" (\"user_id\",\"username\",\"email\",\"password\",\"full_name\",\"account_is_verified\",\"email_is_verified\",\"password_updated_at\",\"created_at\",\"updated_at\",\"role_id\") VALUES ($1,$2,$3,$4,$5,$6,$7,$8,$9,$10,$11) RETURNING \"public\".\"User\".\"user_id\"","target":"quaint::connector::metrics","timestamp":"2024-11-19T04:35:41.928Z"}}
{"level":"\u001b[32minfo\u001b[39m","message":{"duration":0,"params":"[\"4194f843-a235-4b98-ae67-b7a6dfe712bc\",1,0]","query":"SELECT \"public\".\"User\".\"user_id\", \"public\".\"User\".\"username\", \"public\".\"User\".\"email\", \"public\".\"User\".\"password\", \"public\".\"User\".\"provider\"::text, \"public\".\"User\".\"provider_id\", \"public\".\"User\".\"full_name\", \"public\".\"User\".\"eoffice_username\", \"public\".\"User\".\"eoffice_password\", \"public\".\"User\".\"account_is_verified\", \"public\".\"User\".\"email_is_verified\", \"public\".\"User\".\"password_updated_at\", \"public\".\"User\".\"created_at\", \"public\".\"User\".\"updated_at\", \"public\".\"User\".\"role_id\" FROM \"public\".\"User\" WHERE \"public\".\"User\".\"user_id\" = $1 LIMIT $2 OFFSET $3","target":"quaint::connector::metrics","timestamp":"2024-11-19T04:35:41.929Z"}}
{"level":"\u001b[32minfo\u001b[39m","message":{"duration":1,"params":"[]","query":"COMMIT","target":"quaint::connector::metrics","timestamp":"2024-11-19T04:35:41.931Z"}}
{"level":"\u001b[32minfo\u001b[39m","message":{"duration":2,"params":"[\"dimas_aulia_fachrudin_514\",\"dimasauliafachrudin@gmail.com\",0]","query":"SELECT COUNT(*) FROM (SELECT \"public\".\"User\".\"user_id\" FROM \"public\".\"User\" WHERE (\"public\".\"User\".\"username\" = $1 OR \"public\".\"User\".\"email\" = $2) OFFSET $3) AS \"sub\"","target":"quaint::connector::metrics","timestamp":"2024-11-19T04:36:47.659Z"}}
{"level":"\u001b[32minfo\u001b[39m","message":"Starting a postgresql pool with 9 connections.","target":"quaint::pooled","timestamp":"2024-11-19T04:37:51.790Z"}
{"level":"\u001b[32minfo\u001b[39m","message":"SELECT COUNT(*) FROM (SELECT \"public\".\"User\".\"user_id\" FROM \"public\".\"User\" WHERE (\"public\".\"User\".\"username\" = $1 OR \"public\".\"User\".\"email\" = $2) OFFSET $3) AS \"sub\" [\"dimas_aulia_fachrudin_876\",\"dimasauliafachrudin@gmail.com\",0]"}
{"level":"\u001b[32minfo\u001b[39m","message":"Starting a postgresql pool with 9 connections.","target":"quaint::pooled","timestamp":"2024-11-19T05:06:37.269Z"}
{"level":"\u001b[32minfo\u001b[39m","message":"SELECT \"public\".\"User\".\"user_id\", \"public\".\"User\".\"username\", \"public\".\"User\".\"email\", \"public\".\"User\".\"password\", \"public\".\"User\".\"full_name\", \"public\".\"User\".\"role_id\" FROM \"public\".\"User\" WHERE (\"public\".\"User\".\"username\" = $1 OR \"public\".\"User\".\"email\" = $2) OFFSET $3 [\"dimasaulia\",\"dimasaulia\",0]"}
{"level":"\u001b[32minfo\u001b[39m","message":"SELECT 1 []"}
{"level":"\u001b[32minfo\u001b[39m","message":"SELECT \"public\".\"User\".\"user_id\", \"public\".\"User\".\"username\", \"public\".\"User\".\"email\", \"public\".\"User\".\"password\", \"public\".\"User\".\"full_name\", \"public\".\"User\".\"role_id\" FROM \"public\".\"User\" WHERE (\"public\".\"User\".\"username\" = $1 OR \"public\".\"User\".\"email\" = $2) OFFSET $3 [\"oneamdin\",\"oneamdin\",0]"}
{"level":"\u001b[32minfo\u001b[39m","message":"SELECT \"public\".\"Role\".\"role_id\", \"public\".\"Role\".\"name\" FROM \"public\".\"Role\" WHERE \"public\".\"Role\".\"role_id\" IN ($1) OFFSET $2 [\"cm3ihbp3q0000akkzh5juao0a\",0]"}
{"level":"\u001b[32minfo\u001b[39m","message":"SELECT \"public\".\"User\".\"user_id\", \"public\".\"User\".\"username\", \"public\".\"User\".\"email\", \"public\".\"User\".\"password\", \"public\".\"User\".\"full_name\", \"public\".\"User\".\"role_id\" FROM \"public\".\"User\" WHERE (\"public\".\"User\".\"username\" = $1 OR \"public\".\"User\".\"email\" = $2) OFFSET $3 [\"oneamdin\",\"oneamdin\",0]"}
{"level":"\u001b[32minfo\u001b[39m","message":"SELECT \"public\".\"Role\".\"role_id\", \"public\".\"Role\".\"name\" FROM \"public\".\"Role\" WHERE \"public\".\"Role\".\"role_id\" IN ($1) OFFSET $2 [\"cm3ihbp3q0000akkzh5juao0a\",0]"}
{"level":"\u001b[32minfo\u001b[39m","message":"SELECT 1 []"}
{"level":"\u001b[32minfo\u001b[39m","message":"SELECT COUNT(*) FROM (SELECT \"public\".\"User\".\"user_id\" FROM \"public\".\"User\" WHERE (\"public\".\"User\".\"username\" = $1 OR \"public\".\"User\".\"email\" = $2) OFFSET $3) AS \"sub\" [\"ahsan\",\"ahsan@mail.com\",0]"}
{"level":"\u001b[32minfo\u001b[39m","message":"BEGIN []"}
{"level":"\u001b[32minfo\u001b[39m","message":"SELECT \"public\".\"Role\".\"role_id\" FROM \"public\".\"Role\" WHERE (\"public\".\"Role\".\"name\" = $1 AND 1=1) OFFSET $2 [\"BASE\",0]"}
{"level":"\u001b[32minfo\u001b[39m","message":"INSERT INTO \"public\".\"User\" (\"user_id\",\"username\",\"email\",\"password\",\"full_name\",\"account_is_verified\",\"email_is_verified\",\"password_updated_at\",\"created_at\",\"updated_at\",\"role_id\") VALUES ($1,$2,$3,$4,$5,$6,$7,$8,$9,$10,$11) RETURNING \"public\".\"User\".\"user_id\" [\"da191d14-f72e-4c56-a1a6-265f4d33282b\",\"ahsan\",\"ahsan@mail.com\",\"$2b$10$9lMbRLP1mlMGH8zSMuA53uxSUXEDnTucjMq6Jr7PaM2OGlbl1SCnK\",\"Maulana Ahsan\",false,false,\"2024-11-19 05:08:26.535 UTC\",\"2024-11-19 05:08:27.538 UTC\",\"2024-11-19 05:08:27.538 UTC\",\"cm3ihbp3q0000akkzh5juao0a\"]"}
{"level":"\u001b[32minfo\u001b[39m","message":"SELECT \"public\".\"User\".\"user_id\", \"public\".\"User\".\"username\", \"public\".\"User\".\"email\", \"public\".\"User\".\"password\", \"public\".\"User\".\"provider\"::text, \"public\".\"User\".\"provider_id\", \"public\".\"User\".\"full_name\", \"public\".\"User\".\"eoffice_username\", \"public\".\"User\".\"eoffice_password\", \"public\".\"User\".\"account_is_verified\", \"public\".\"User\".\"email_is_verified\", \"public\".\"User\".\"password_updated_at\", \"public\".\"User\".\"created_at\", \"public\".\"User\".\"updated_at\", \"public\".\"User\".\"role_id\" FROM \"public\".\"User\" WHERE \"public\".\"User\".\"user_id\" = $1 LIMIT $2 OFFSET $3 [\"da191d14-f72e-4c56-a1a6-265f4d33282b\",1,0]"}
{"level":"\u001b[32minfo\u001b[39m","message":"COMMIT []"}
{"level":"\u001b[32minfo\u001b[39m","message":"SELECT \"public\".\"User\".\"user_id\", \"public\".\"User\".\"username\", \"public\".\"User\".\"email\", \"public\".\"User\".\"password\", \"public\".\"User\".\"full_name\", \"public\".\"User\".\"role_id\" FROM \"public\".\"User\" WHERE (\"public\".\"User\".\"username\" = $1 OR \"public\".\"User\".\"email\" = $2) OFFSET $3 [\"ahsan\",\"ahsan\",0]"}
{"level":"\u001b[32minfo\u001b[39m","message":"SELECT \"public\".\"Role\".\"role_id\", \"public\".\"Role\".\"name\" FROM \"public\".\"Role\" WHERE \"public\".\"Role\".\"role_id\" IN ($1) OFFSET $2 [\"cm3ihbp3q0000akkzh5juao0a\",0]"}
{"level":"\u001b[32minfo\u001b[39m","message":"Starting a postgresql pool with 9 connections.","target":"quaint::pooled","timestamp":"2024-11-19T05:09:52.227Z"}
{"level":"\u001b[32minfo\u001b[39m","message":"SELECT \"public\".\"User\".\"user_id\", \"public\".\"User\".\"username\", \"public\".\"User\".\"email\", \"public\".\"User\".\"password\", \"public\".\"User\".\"full_name\", \"public\".\"User\".\"role_id\" FROM \"public\".\"User\" WHERE (\"public\".\"User\".\"username\" = $1 OR \"public\".\"User\".\"email\" = $2) OFFSET $3 [\"ahsan\",\"ahsan\",0]"}
{"level":"\u001b[32minfo\u001b[39m","message":"SELECT \"public\".\"Role\".\"role_id\", \"public\".\"Role\".\"name\" FROM \"public\".\"Role\" WHERE \"public\".\"Role\".\"role_id\" IN ($1) OFFSET $2 [\"cm3ihbp3q0000akkzh5juao0a\",0]"}
{"level":"\u001b[32minfo\u001b[39m","message":"Starting a postgresql pool with 9 connections.","target":"quaint::pooled","timestamp":"2024-11-19T05:10:02.927Z"}
{"level":"\u001b[32minfo\u001b[39m","message":"SELECT \"public\".\"User\".\"user_id\", \"public\".\"User\".\"username\", \"public\".\"User\".\"email\", \"public\".\"User\".\"password\", \"public\".\"User\".\"full_name\", \"public\".\"User\".\"role_id\" FROM \"public\".\"User\" WHERE (\"public\".\"User\".\"username\" = $1 OR \"public\".\"User\".\"email\" = $2) OFFSET $3 [\"ahsan\",\"ahsan\",0]"}
{"level":"\u001b[32minfo\u001b[39m","message":"SELECT \"public\".\"Role\".\"role_id\", \"public\".\"Role\".\"name\" FROM \"public\".\"Role\" WHERE \"public\".\"Role\".\"role_id\" IN ($1) OFFSET $2 [\"cm3ihbp3q0000akkzh5juao0a\",0]"}
{"level":"\u001b[32minfo\u001b[39m","message":"Starting a postgresql pool with 9 connections.","target":"quaint::pooled","timestamp":"2024-11-19T05:10:19.410Z"}
{"level":"\u001b[32minfo\u001b[39m","message":"SELECT \"public\".\"User\".\"user_id\", \"public\".\"User\".\"username\", \"public\".\"User\".\"email\", \"public\".\"User\".\"password\", \"public\".\"User\".\"full_name\", \"public\".\"User\".\"role_id\" FROM \"public\".\"User\" WHERE (\"public\".\"User\".\"username\" = $1 OR \"public\".\"User\".\"email\" = $2) OFFSET $3 [\"ahsan\",\"ahsan\",0]"}
{"level":"\u001b[32minfo\u001b[39m","message":"SELECT \"public\".\"Role\".\"role_id\", \"public\".\"Role\".\"name\" FROM \"public\".\"Role\" WHERE \"public\".\"Role\".\"role_id\" IN ($1) OFFSET $2 [\"cm3ihbp3q0000akkzh5juao0a\",0]"}
{"level":"\u001b[32minfo\u001b[39m","message":"Starting a postgresql pool with 9 connections.","target":"quaint::pooled","timestamp":"2024-11-19T05:10:31.868Z"}
{"level":"\u001b[32minfo\u001b[39m","message":"SELECT \"public\".\"User\".\"user_id\", \"public\".\"User\".\"username\", \"public\".\"User\".\"email\", \"public\".\"User\".\"password\", \"public\".\"User\".\"full_name\", \"public\".\"User\".\"role_id\" FROM \"public\".\"User\" WHERE (\"public\".\"User\".\"username\" = $1 OR \"public\".\"User\".\"email\" = $2) OFFSET $3 [\"ahsan\",\"ahsan\",0]"}
{"level":"\u001b[32minfo\u001b[39m","message":"SELECT \"public\".\"Role\".\"role_id\", \"public\".\"Role\".\"name\" FROM \"public\".\"Role\" WHERE \"public\".\"Role\".\"role_id\" IN ($1) OFFSET $2 [\"cm3ihbp3q0000akkzh5juao0a\",0]"}
{"level":"\u001b[32minfo\u001b[39m","message":"SELECT 1 []"}
{"level":"\u001b[32minfo\u001b[39m","message":"SELECT \"public\".\"User\".\"user_id\", \"public\".\"User\".\"username\", \"public\".\"User\".\"email\", \"public\".\"User\".\"password\", \"public\".\"User\".\"full_name\", \"public\".\"User\".\"role_id\" FROM \"public\".\"User\" WHERE (\"public\".\"User\".\"username\" = $1 OR \"public\".\"User\".\"email\" = $2) OFFSET $3 [\"ahsan\",\"ahsan\",0]"}
{"level":"\u001b[32minfo\u001b[39m","message":"SELECT \"public\".\"Role\".\"role_id\", \"public\".\"Role\".\"name\" FROM \"public\".\"Role\" WHERE \"public\".\"Role\".\"role_id\" IN ($1) OFFSET $2 [\"cm3ihbp3q0000akkzh5juao0a\",0]"}
{"level":"\u001b[32minfo\u001b[39m","message":"SELECT \"public\".\"User\".\"user_id\", \"public\".\"User\".\"username\", \"public\".\"User\".\"email\", \"public\".\"User\".\"password\", \"public\".\"User\".\"full_name\", \"public\".\"User\".\"role_id\" FROM \"public\".\"User\" WHERE (\"public\".\"User\".\"username\" = $1 OR \"public\".\"User\".\"email\" = $2) OFFSET $3 [\"ahsan\",\"ahsan\",0]"}
{"level":"\u001b[32minfo\u001b[39m","message":"SELECT \"public\".\"Role\".\"role_id\", \"public\".\"Role\".\"name\" FROM \"public\".\"Role\" WHERE \"public\".\"Role\".\"role_id\" IN ($1) OFFSET $2 [\"cm3ihbp3q0000akkzh5juao0a\",0]"}
{"level":"\u001b[32minfo\u001b[39m","message":"Starting a postgresql pool with 9 connections.","target":"quaint::pooled","timestamp":"2024-11-19T05:11:31.887Z"}
{"level":"\u001b[32minfo\u001b[39m","message":"SELECT \"public\".\"User\".\"user_id\", \"public\".\"User\".\"username\", \"public\".\"User\".\"email\", \"public\".\"User\".\"password\", \"public\".\"User\".\"full_name\", \"public\".\"User\".\"role_id\" FROM \"public\".\"User\" WHERE (\"public\".\"User\".\"username\" = $1 OR \"public\".\"User\".\"email\" = $2) OFFSET $3 [\"ahsan\",\"ahsan\",0]"}
{"level":"\u001b[32minfo\u001b[39m","message":"SELECT \"public\".\"Role\".\"role_id\", \"public\".\"Role\".\"name\" FROM \"public\".\"Role\" WHERE \"public\".\"Role\".\"role_id\" IN ($1) OFFSET $2 [\"cm3ihbp3q0000akkzh5juao0a\",0]"}
{"level":"\u001b[32minfo\u001b[39m","message":"MASUK LOGIN"}
{"level":"\u001b[32minfo\u001b[39m","message":"Starting a postgresql pool with 9 connections.","target":"quaint::pooled","timestamp":"2024-11-19T05:11:54.759Z"}
{"level":"\u001b[32minfo\u001b[39m","message":"SELECT \"public\".\"User\".\"user_id\", \"public\".\"User\".\"username\", \"public\".\"User\".\"email\", \"public\".\"User\".\"password\", \"public\".\"User\".\"full_name\", \"public\".\"User\".\"provider\"::text, \"public\".\"User\".\"role_id\" FROM \"public\".\"User\" WHERE (\"public\".\"User\".\"username\" = $1 OR \"public\".\"User\".\"email\" = $2) OFFSET $3 [\"ahsan\",\"ahsan\",0]"}
{"level":"\u001b[32minfo\u001b[39m","message":"SELECT \"public\".\"Role\".\"role_id\", \"public\".\"Role\".\"name\" FROM \"public\".\"Role\" WHERE \"public\".\"Role\".\"role_id\" IN ($1) OFFSET $2 [\"cm3ihbp3q0000akkzh5juao0a\",0]"}
{"level":"\u001b[32minfo\u001b[39m","message":"Starting a postgresql pool with 9 connections.","target":"quaint::pooled","timestamp":"2024-11-19T05:12:16.634Z"}
{"level":"\u001b[32minfo\u001b[39m","message":"SELECT \"public\".\"User\".\"user_id\", \"public\".\"User\".\"username\", \"public\".\"User\".\"email\", \"public\".\"User\".\"password\", \"public\".\"User\".\"full_name\", \"public\".\"User\".\"provider\"::text, \"public\".\"User\".\"role_id\" FROM \"public\".\"User\" WHERE (\"public\".\"User\".\"username\" = $1 OR \"public\".\"User\".\"email\" = $2) OFFSET $3 [\"ahsan\",\"ahsan\",0]"}
{"level":"\u001b[32minfo\u001b[39m","message":"SELECT \"public\".\"Role\".\"role_id\", \"public\".\"Role\".\"name\" FROM \"public\".\"Role\" WHERE \"public\".\"Role\".\"role_id\" IN ($1) OFFSET $2 [\"cm3ihbp3q0000akkzh5juao0a\",0]"}
{"level":"\u001b[32minfo\u001b[39m","message":"MASUK"}
{"level":"\u001b[32minfo\u001b[39m","message":"Starting a postgresql pool with 9 connections.","target":"quaint::pooled","timestamp":"2024-11-19T05:12:21.320Z"}
{"level":"\u001b[32minfo\u001b[39m","message":"SELECT \"public\".\"User\".\"user_id\", \"public\".\"User\".\"username\", \"public\".\"User\".\"email\", \"public\".\"User\".\"password\", \"public\".\"User\".\"full_name\", \"public\".\"User\".\"provider\"::text, \"public\".\"User\".\"role_id\" FROM \"public\".\"User\" WHERE (\"public\".\"User\".\"username\" = $1 OR \"public\".\"User\".\"email\" = $2) OFFSET $3 [\"ahsan\",\"ahsan\",0]"}
{"level":"\u001b[32minfo\u001b[39m","message":"SELECT \"public\".\"Role\".\"role_id\", \"public\".\"Role\".\"name\" FROM \"public\".\"Role\" WHERE \"public\".\"Role\".\"role_id\" IN ($1) OFFSET $2 [\"cm3ihbp3q0000akkzh5juao0a\",0]"}
{"level":"\u001b[32minfo\u001b[39m","message":"Starting a postgresql pool with 9 connections.","target":"quaint::pooled","timestamp":"2024-11-19T05:13:56.923Z"}
{"level":"\u001b[32minfo\u001b[39m","message":"SELECT \"public\".\"User\".\"user_id\", \"public\".\"User\".\"username\", \"public\".\"User\".\"email\", \"public\".\"User\".\"password\", \"public\".\"User\".\"full_name\", \"public\".\"User\".\"provider\"::text, \"public\".\"User\".\"role_id\" FROM \"public\".\"User\" WHERE (\"public\".\"User\".\"username\" = $1 OR \"public\".\"User\".\"email\" = $2) OFFSET $3 [\"ahsan\",\"ahsan\",0]"}
{"level":"\u001b[32minfo\u001b[39m","message":"SELECT \"public\".\"Role\".\"role_id\", \"public\".\"Role\".\"name\" FROM \"public\".\"Role\" WHERE \"public\".\"Role\".\"role_id\" IN ($1) OFFSET $2 [\"cm3ihbp3q0000akkzh5juao0a\",0]"}
{"level":"\u001b[32minfo\u001b[39m","message":"SELECT \"public\".\"User\".\"user_id\", \"public\".\"User\".\"username\", \"public\".\"User\".\"email\", \"public\".\"User\".\"password\", \"public\".\"User\".\"full_name\", \"public\".\"User\".\"provider\"::text, \"public\".\"User\".\"role_id\" FROM \"public\".\"User\" WHERE (\"public\".\"User\".\"username\" = $1 OR \"public\".\"User\".\"email\" = $2) OFFSET $3 [\"ahsan\",\"ahsan\",0]"}
{"level":"\u001b[32minfo\u001b[39m","message":"SELECT \"public\".\"Role\".\"role_id\", \"public\".\"Role\".\"name\" FROM \"public\".\"Role\" WHERE \"public\".\"Role\".\"role_id\" IN ($1) OFFSET $2 [\"cm3ihbp3q0000akkzh5juao0a\",0]"}
{"level":"\u001b[32minfo\u001b[39m","message":"Starting a postgresql pool with 9 connections.","target":"quaint::pooled","timestamp":"2024-11-19T05:16:52.926Z"}
{"level":"\u001b[32minfo\u001b[39m","message":"SELECT \"public\".\"User\".\"user_id\", \"public\".\"User\".\"username\", \"public\".\"User\".\"email\", \"public\".\"User\".\"password\", \"public\".\"User\".\"full_name\", \"public\".\"User\".\"provider\"::text, \"public\".\"User\".\"role_id\" FROM \"public\".\"User\" WHERE (\"public\".\"User\".\"username\" = $1 OR \"public\".\"User\".\"email\" = $2) OFFSET $3 [\"ahsan\",\"ahsan\",0]"}
{"level":"\u001b[32minfo\u001b[39m","message":"SELECT \"public\".\"Role\".\"role_id\", \"public\".\"Role\".\"name\" FROM \"public\".\"Role\" WHERE \"public\".\"Role\".\"role_id\" IN ($1) OFFSET $2 [\"cm3ihbp3q0000akkzh5juao0a\",0]"}
{"level":"\u001b[32minfo\u001b[39m","message":"SELECT \"public\".\"User\".\"user_id\", \"public\".\"User\".\"username\", \"public\".\"User\".\"email\", \"public\".\"User\".\"password\", \"public\".\"User\".\"full_name\", \"public\".\"User\".\"provider\"::text, \"public\".\"User\".\"role_id\" FROM \"public\".\"User\" WHERE (\"public\".\"User\".\"username\" = $1 OR \"public\".\"User\".\"email\" = $2) OFFSET $3 [\"ahsan\",\"ahsan\",0]"}
{"level":"\u001b[32minfo\u001b[39m","message":"SELECT \"public\".\"Role\".\"role_id\", \"public\".\"Role\".\"name\" FROM \"public\".\"Role\" WHERE \"public\".\"Role\".\"role_id\" IN ($1) OFFSET $2 [\"cm3ihbp3q0000akkzh5juao0a\",0]"}
{"level":"\u001b[32minfo\u001b[39m","message":"Starting a postgresql pool with 9 connections.","target":"quaint::pooled","timestamp":"2024-11-19T05:21:33.406Z"}
{"level":"\u001b[32minfo\u001b[39m","message":"SELECT \"public\".\"User\".\"user_id\", \"public\".\"User\".\"username\", \"public\".\"User\".\"email\", \"public\".\"User\".\"password\", \"public\".\"User\".\"full_name\", \"public\".\"User\".\"provider\"::text, \"public\".\"User\".\"role_id\" FROM \"public\".\"User\" WHERE (\"public\".\"User\".\"username\" = $1 OR \"public\".\"User\".\"email\" = $2) OFFSET $3 [\"ahsan\",\"ahsan\",0]"}
{"level":"\u001b[32minfo\u001b[39m","message":"SELECT \"public\".\"Role\".\"role_id\", \"public\".\"Role\".\"name\" FROM \"public\".\"Role\" WHERE \"public\".\"Role\".\"role_id\" IN ($1) OFFSET $2 [\"cm3ihbp3q0000akkzh5juao0a\",0]"}
{"level":"\u001b[32minfo\u001b[39m","message":"SELECT 1 []"}
{"level":"\u001b[32minfo\u001b[39m","message":"SELECT \"public\".\"User\".\"user_id\", \"public\".\"User\".\"username\", \"public\".\"User\".\"email\", \"public\".\"User\".\"password\", \"public\".\"User\".\"full_name\", \"public\".\"User\".\"provider\"::text, \"public\".\"User\".\"role_id\" FROM \"public\".\"User\" WHERE (\"public\".\"User\".\"username\" = $1 OR \"public\".\"User\".\"email\" = $2) OFFSET $3 [\"ahsan\",\"ahsan\",0]"}
{"level":"\u001b[32minfo\u001b[39m","message":"SELECT \"public\".\"Role\".\"role_id\", \"public\".\"Role\".\"name\" FROM \"public\".\"Role\" WHERE \"public\".\"Role\".\"role_id\" IN ($1) OFFSET $2 [\"cm3ihbp3q0000akkzh5juao0a\",0]"}
{"level":"\u001b[32minfo\u001b[39m","message":"Starting a postgresql pool with 9 connections.","target":"quaint::pooled","timestamp":"2024-11-19T05:23:28.857Z"}
{"level":"\u001b[32minfo\u001b[39m","message":"SELECT COUNT(*) FROM (SELECT \"public\".\"User\".\"user_id\" FROM \"public\".\"User\" WHERE (\"public\".\"User\".\"username\" = $1 OR \"public\".\"User\".\"email\" = $2) OFFSET $3) AS \"sub\" [\"dimas_aulia_fachrudin_443\",\"dimasauliafachrudin@gmail.com\",0]"}
{"level":"\u001b[32minfo\u001b[39m","message":"BEGIN []"}
{"level":"\u001b[32minfo\u001b[39m","message":"SELECT \"public\".\"Role\".\"role_id\" FROM \"public\".\"Role\" WHERE (\"public\".\"Role\".\"name\" = $1 AND 1=1) OFFSET $2 [\"BASE\",0]"}
{"level":"\u001b[32minfo\u001b[39m","message":"INSERT INTO \"public\".\"User\" (\"user_id\",\"username\",\"email\",\"password\",\"full_name\",\"account_is_verified\",\"email_is_verified\",\"password_updated_at\",\"created_at\",\"updated_at\",\"role_id\") VALUES ($1,$2,$3,$4,$5,$6,$7,$8,$9,$10,$11) RETURNING \"public\".\"User\".\"user_id\" [\"fd9061db-b45b-4c19-a211-94885d0daefc\",\"dimas_aulia_fachrudin_443\",\"dimasauliafachrudin@gmail.com\",\"$2b$10$6ov//gNb7GRjwxx0z6BmQuYCzvOowwD7ZwWb6fDEyxi8BkQQHp/FS\",\"DIMAS AULIA FACHRUDIN\",false,false,\"2024-11-19 05:23:27.988 UTC\",\"2024-11-19 05:23:28.990 UTC\",\"2024-11-19 05:23:28.990 UTC\",\"cm3ihbp3q0000akkzh5juao0a\"]"}
{"level":"\u001b[32minfo\u001b[39m","message":"SELECT \"public\".\"User\".\"user_id\", \"public\".\"User\".\"username\", \"public\".\"User\".\"email\", \"public\".\"User\".\"password\", \"public\".\"User\".\"provider\"::text, \"public\".\"User\".\"provider_id\", \"public\".\"User\".\"full_name\", \"public\".\"User\".\"eoffice_username\", \"public\".\"User\".\"eoffice_password\", \"public\".\"User\".\"account_is_verified\", \"public\".\"User\".\"email_is_verified\", \"public\".\"User\".\"password_updated_at\", \"public\".\"User\".\"created_at\", \"public\".\"User\".\"updated_at\", \"public\".\"User\".\"role_id\" FROM \"public\".\"User\" WHERE \"public\".\"User\".\"user_id\" = $1 LIMIT $2 OFFSET $3 [\"fd9061db-b45b-4c19-a211-94885d0daefc\",1,0]"}
{"level":"\u001b[32minfo\u001b[39m","message":"COMMIT []"}
{"level":"\u001b[32minfo\u001b[39m","message":"SELECT \"public\".\"User\".\"user_id\", \"public\".\"User\".\"username\", \"public\".\"User\".\"email\", \"public\".\"User\".\"password\", \"public\".\"User\".\"full_name\", \"public\".\"User\".\"provider\"::text, \"public\".\"User\".\"role_id\" FROM \"public\".\"User\" WHERE (\"public\".\"User\".\"username\" = $1 OR \"public\".\"User\".\"email\" = $2) OFFSET $3 [\"dimas_aulia_fachrudin_443\",\"dimas_aulia_fachrudin_443\",0]"}
{"level":"\u001b[32minfo\u001b[39m","message":"SELECT \"public\".\"Role\".\"role_id\", \"public\".\"Role\".\"name\" FROM \"public\".\"Role\" WHERE \"public\".\"Role\".\"role_id\" IN ($1) OFFSET $2 [\"cm3ihbp3q0000akkzh5juao0a\",0]"}
{"level":"\u001b[32minfo\u001b[39m","message":"Starting a postgresql pool with 9 connections.","target":"quaint::pooled","timestamp":"2024-11-19T05:24:35.182Z"}
{"level":"\u001b[32minfo\u001b[39m","message":"SELECT COUNT(*) FROM (SELECT \"public\".\"User\".\"user_id\" FROM \"public\".\"User\" WHERE (\"public\".\"User\".\"username\" = $1 OR \"public\".\"User\".\"email\" = $2) OFFSET $3) AS \"sub\" [\"dimas_aulia_fachrudin_731\",\"dimasauliafachrudin@gmail.com\",0]"}
{"level":"\u001b[32minfo\u001b[39m","message":"BEGIN []"}
{"level":"\u001b[32minfo\u001b[39m","message":"SELECT \"public\".\"Role\".\"role_id\" FROM \"public\".\"Role\" WHERE (\"public\".\"Role\".\"name\" = $1 AND 1=1) OFFSET $2 [\"BASE\",0]"}
{"level":"\u001b[32minfo\u001b[39m","message":"INSERT INTO \"public\".\"User\" (\"user_id\",\"username\",\"email\",\"password\",\"full_name\",\"account_is_verified\",\"email_is_verified\",\"password_updated_at\",\"created_at\",\"updated_at\",\"role_id\") VALUES ($1,$2,$3,$4,$5,$6,$7,$8,$9,$10,$11) RETURNING \"public\".\"User\".\"user_id\" [\"71e38621-f831-4ebb-805a-c3f6ecabc9ee\",\"dimas_aulia_fachrudin_731\",\"dimasauliafachrudin@gmail.com\",\"$2b$10$wrUZMCHiT5/5f7cWXvfTJOtpkQXk6LLqQCK2egm0Anz4r9LMT.FPe\",\"DIMAS AULIA FACHRUDIN\",false,false,\"2024-11-19 05:24:34.322 UTC\",\"2024-11-19 05:24:35.326 UTC\",\"2024-11-19 05:24:35.326 UTC\",\"cm3ihbp3q0000akkzh5juao0a\"]"}
{"level":"\u001b[32minfo\u001b[39m","message":"SELECT \"public\".\"User\".\"user_id\", \"public\".\"User\".\"username\", \"public\".\"User\".\"email\", \"public\".\"User\".\"password\", \"public\".\"User\".\"provider\"::text, \"public\".\"User\".\"provider_id\", \"public\".\"User\".\"full_name\", \"public\".\"User\".\"eoffice_username\", \"public\".\"User\".\"eoffice_password\", \"public\".\"User\".\"account_is_verified\", \"public\".\"User\".\"email_is_verified\", \"public\".\"User\".\"password_updated_at\", \"public\".\"User\".\"created_at\", \"public\".\"User\".\"updated_at\", \"public\".\"User\".\"role_id\" FROM \"public\".\"User\" WHERE \"public\".\"User\".\"user_id\" = $1 LIMIT $2 OFFSET $3 [\"71e38621-f831-4ebb-805a-c3f6ecabc9ee\",1,0]"}
{"level":"\u001b[32minfo\u001b[39m","message":"COMMIT []"}
{"level":"\u001b[32minfo\u001b[39m","message":"SELECT \"public\".\"User\".\"user_id\", \"public\".\"User\".\"username\", \"public\".\"User\".\"email\", \"public\".\"User\".\"password\", \"public\".\"User\".\"full_name\", \"public\".\"User\".\"provider\"::text, \"public\".\"User\".\"role_id\" FROM \"public\".\"User\" WHERE (\"public\".\"User\".\"username\" = $1 OR \"public\".\"User\".\"email\" = $2) OFFSET $3 [\"dimas_aulia_fachrudin_731\",\"dimas_aulia_fachrudin_731\",0]"}
{"level":"\u001b[32minfo\u001b[39m","message":"SELECT \"public\".\"Role\".\"role_id\", \"public\".\"Role\".\"name\" FROM \"public\".\"Role\" WHERE \"public\".\"Role\".\"role_id\" IN ($1) OFFSET $2 [\"cm3ihbp3q0000akkzh5juao0a\",0]"}
{"level":"\u001b[32minfo\u001b[39m","message":"Starting a postgresql pool with 9 connections.","target":"quaint::pooled","timestamp":"2024-11-19T05:26:16.205Z"}
{"level":"\u001b[32minfo\u001b[39m","message":"SELECT COUNT(*) FROM (SELECT \"public\".\"User\".\"user_id\" FROM \"public\".\"User\" WHERE (\"public\".\"User\".\"username\" = $1 OR \"public\".\"User\".\"email\" = $2) OFFSET $3) AS \"sub\" [\"dimas_aulia_fachrudin_958\",\"dimasauliafachrudin@gmail.com\",0]"}
{"level":"\u001b[32minfo\u001b[39m","message":"BEGIN []"}
{"level":"\u001b[32minfo\u001b[39m","message":"SELECT \"public\".\"Role\".\"role_id\" FROM \"public\".\"Role\" WHERE (\"public\".\"Role\".\"name\" = $1 AND 1=1) OFFSET $2 [\"BASE\",0]"}
{"level":"\u001b[32minfo\u001b[39m","message":"INSERT INTO \"public\".\"User\" (\"user_id\",\"username\",\"email\",\"password\",\"full_name\",\"account_is_verified\",\"email_is_verified\",\"password_updated_at\",\"created_at\",\"updated_at\",\"role_id\") VALUES ($1,$2,$3,$4,$5,$6,$7,$8,$9,$10,$11) RETURNING \"public\".\"User\".\"user_id\" [\"2b0d8e15-7c2a-4ecc-8926-0f0a48a93a2b\",\"dimas_aulia_fachrudin_958\",\"dimasauliafachrudin@gmail.com\",\"$2b$10$JhfQClOmJtTpFLydV/oiLOJcn8tQwAfxH93NzdTnYmJt979EtN/6e\",\"DIMAS AULIA FACHRUDIN\",false,false,\"2024-11-19 05:26:15.318 UTC\",\"2024-11-19 05:26:16.319 UTC\",\"2024-11-19 05:26:16.319 UTC\",\"cm3ihbp3q0000akkzh5juao0a\"]"}
{"level":"\u001b[32minfo\u001b[39m","message":"SELECT \"public\".\"User\".\"user_id\", \"public\".\"User\".\"username\", \"public\".\"User\".\"email\", \"public\".\"User\".\"password\", \"public\".\"User\".\"provider\"::text, \"public\".\"User\".\"provider_id\", \"public\".\"User\".\"full_name\", \"public\".\"User\".\"eoffice_username\", \"public\".\"User\".\"eoffice_password\", \"public\".\"User\".\"account_is_verified\", \"public\".\"User\".\"email_is_verified\", \"public\".\"User\".\"password_updated_at\", \"public\".\"User\".\"created_at\", \"public\".\"User\".\"updated_at\", \"public\".\"User\".\"role_id\" FROM \"public\".\"User\" WHERE \"public\".\"User\".\"user_id\" = $1 LIMIT $2 OFFSET $3 [\"2b0d8e15-7c2a-4ecc-8926-0f0a48a93a2b\",1,0]"}
{"level":"\u001b[32minfo\u001b[39m","message":"COMMIT []"}
{"level":"\u001b[32minfo\u001b[39m","message":"SELECT \"public\".\"User\".\"user_id\", \"public\".\"User\".\"username\", \"public\".\"User\".\"email\", \"public\".\"User\".\"password\", \"public\".\"User\".\"full_name\", \"public\".\"User\".\"provider\"::text, \"public\".\"User\".\"role_id\" FROM \"public\".\"User\" WHERE (\"public\".\"User\".\"username\" = $1 OR \"public\".\"User\".\"email\" = $2) OFFSET $3 [\"dimas_aulia_fachrudin_958\",\"dimas_aulia_fachrudin_958\",0]"}
{"level":"\u001b[32minfo\u001b[39m","message":"SELECT \"public\".\"Role\".\"role_id\", \"public\".\"Role\".\"name\" FROM \"public\".\"Role\" WHERE \"public\".\"Role\".\"role_id\" IN ($1) OFFSET $2 [\"cm3ihbp3q0000akkzh5juao0a\",0]"}
{"level":"\u001b[32minfo\u001b[39m","message":"Starting a postgresql pool with 9 connections.","target":"quaint::pooled","timestamp":"2024-11-19T05:27:11.579Z"}
{"level":"\u001b[32minfo\u001b[39m","message":"SELECT COUNT(*) FROM (SELECT \"public\".\"User\".\"user_id\" FROM \"public\".\"User\" WHERE (\"public\".\"User\".\"username\" = $1 OR \"public\".\"User\".\"email\" = $2) OFFSET $3) AS \"sub\" [\"dimas_aulia_fachrudin_985\",\"dimasauliafachrudin@gmail.com\",0]"}
{"level":"\u001b[32minfo\u001b[39m","message":"Starting a postgresql pool with 9 connections.","target":"quaint::pooled","timestamp":"2024-11-19T05:28:33.385Z"}
{"level":"\u001b[32minfo\u001b[39m","message":"SELECT COUNT(*) FROM (SELECT \"public\".\"User\".\"user_id\" FROM \"public\".\"User\" WHERE (\"public\".\"User\".\"username\" = $1 OR \"public\".\"User\".\"email\" = $2) OFFSET $3) AS \"sub\" [\"dimas_aulia_fachrudin_759\",\"dimasauliafachrudin@gmail.com\",0]"}
{"level":"\u001b[32minfo\u001b[39m","message":"SELECT 1 []"}
{"level":"\u001b[32minfo\u001b[39m","message":"SELECT COUNT(*) FROM (SELECT \"public\".\"User\".\"user_id\" FROM \"public\".\"User\" WHERE (\"public\".\"User\".\"username\" = $1 OR \"public\".\"User\".\"email\" = $2) OFFSET $3) AS \"sub\" [\"dimas_aulia_fachrudin_920\",\"dimasauliafachrudin@gmail.com\",0]"}
{"level":"\u001b[32minfo\u001b[39m","message":"BEGIN []"}
{"level":"\u001b[32minfo\u001b[39m","message":"SELECT \"public\".\"Role\".\"role_id\" FROM \"public\".\"Role\" WHERE (\"public\".\"Role\".\"name\" = $1 AND 1=1) OFFSET $2 [\"BASE\",0]"}
{"level":"\u001b[32minfo\u001b[39m","message":"INSERT INTO \"public\".\"User\" (\"user_id\",\"username\",\"email\",\"password\",\"provider\",\"provider_id\",\"full_name\",\"account_is_verified\",\"email_is_verified\",\"password_updated_at\",\"created_at\",\"updated_at\",\"role_id\") VALUES ($1,$2,$3,$4,CAST($5::text AS \"public\".\"Provider\"),$6,$7,$8,$9,$10,$11,$12,$13) RETURNING \"public\".\"User\".\"user_id\" [\"0cc1edab-1f66-48ab-9097-fcd700350af6\",\"dimas_aulia_fachrudin_920\",\"dimasauliafachrudin@gmail.com\",\"$2b$10$Bo/CPFWtbLlfJOhL9W6dAu04ovtXp4YSgDAyKjHMk.BMJ9FzNKEZq\",\"GOOGLE\",\"113420433582447387249\",\"DIMAS AULIA FACHRUDIN\",false,false,\"2024-11-19 05:28:50.447 UTC\",\"2024-11-19 05:28:51.448 UTC\",\"2024-11-19 05:28:51.448 UTC\",\"cm3ihbp3q0000akkzh5juao0a\"]"}
{"level":"\u001b[32minfo\u001b[39m","message":"SELECT \"public\".\"User\".\"user_id\", \"public\".\"User\".\"username\", \"public\".\"User\".\"email\", \"public\".\"User\".\"password\", \"public\".\"User\".\"provider\"::text, \"public\".\"User\".\"provider_id\", \"public\".\"User\".\"full_name\", \"public\".\"User\".\"eoffice_username\", \"public\".\"User\".\"eoffice_password\", \"public\".\"User\".\"account_is_verified\", \"public\".\"User\".\"email_is_verified\", \"public\".\"User\".\"password_updated_at\", \"public\".\"User\".\"created_at\", \"public\".\"User\".\"updated_at\", \"public\".\"User\".\"role_id\" FROM \"public\".\"User\" WHERE \"public\".\"User\".\"user_id\" = $1 LIMIT $2 OFFSET $3 [\"0cc1edab-1f66-48ab-9097-fcd700350af6\",1,0]"}
{"level":"\u001b[32minfo\u001b[39m","message":"COMMIT []"}
{"level":"\u001b[32minfo\u001b[39m","message":"SELECT \"public\".\"User\".\"user_id\", \"public\".\"User\".\"username\", \"public\".\"User\".\"email\", \"public\".\"User\".\"password\", \"public\".\"User\".\"full_name\", \"public\".\"User\".\"provider\"::text, \"public\".\"User\".\"role_id\" FROM \"public\".\"User\" WHERE (\"public\".\"User\".\"username\" = $1 OR \"public\".\"User\".\"email\" = $2) OFFSET $3 [\"dimas_aulia_fachrudin_920\",\"dimas_aulia_fachrudin_920\",0]"}
{"level":"\u001b[32minfo\u001b[39m","message":"SELECT \"public\".\"Role\".\"role_id\", \"public\".\"Role\".\"name\" FROM \"public\".\"Role\" WHERE \"public\".\"Role\".\"role_id\" IN ($1) OFFSET $2 [\"cm3ihbp3q0000akkzh5juao0a\",0]"}
{"level":"\u001b[32minfo\u001b[39m","message":"Starting a postgresql pool with 9 connections.","target":"quaint::pooled","timestamp":"2024-11-19T05:33:11.192Z"}
{"level":"\u001b[32minfo\u001b[39m","message":"SELECT COUNT(*) FROM (SELECT \"public\".\"User\".\"user_id\" FROM \"public\".\"User\" WHERE (\"public\".\"User\".\"username\" = $1 OR \"public\".\"User\".\"email\" = $2) OFFSET $3) AS \"sub\" [\"dimas_aulia_fachrudin_161\",\"dimasauliafachrudin@gmail.com\",0]"}
{"level":"\u001b[32minfo\u001b[39m","message":"BEGIN []"}
{"level":"\u001b[32minfo\u001b[39m","message":"SELECT \"public\".\"Role\".\"role_id\" FROM \"public\".\"Role\" WHERE (\"public\".\"Role\".\"name\" = $1 AND 1=1) OFFSET $2 [\"BASE\",0]"}
{"level":"\u001b[32minfo\u001b[39m","message":"INSERT INTO \"public\".\"User\" (\"user_id\",\"username\",\"email\",\"password\",\"provider\",\"provider_id\",\"full_name\",\"account_is_verified\",\"email_is_verified\",\"password_updated_at\",\"created_at\",\"updated_at\",\"role_id\") VALUES ($1,$2,$3,$4,CAST($5::text AS \"public\".\"Provider\"),$6,$7,$8,$9,$10,$11,$12,$13) RETURNING \"public\".\"User\".\"user_id\" [\"78257b9f-e828-45c2-9f6b-842a13045cfe\",\"dimas_aulia_fachrudin_161\",\"dimasauliafachrudin@gmail.com\",\"$2b$10$N8BrpNqG8gdhXoDvL3lW2.AT6LUu.Q5udqUZsmPi6qFgrlpktX4R.\",\"GOOGLE\",\"113420433582447387249\",\"DIMAS AULIA FACHRUDIN\",false,false,\"2024-11-19 05:33:10.333 UTC\",\"2024-11-19 05:33:11.336 UTC\",\"2024-11-19 05:33:11.336 UTC\",\"cm3ihbp3q0000akkzh5juao0a\"]"}
{"level":"\u001b[32minfo\u001b[39m","message":"SELECT \"public\".\"User\".\"user_id\", \"public\".\"User\".\"username\", \"public\".\"User\".\"email\", \"public\".\"User\".\"password\", \"public\".\"User\".\"provider\"::text, \"public\".\"User\".\"provider_id\", \"public\".\"User\".\"full_name\", \"public\".\"User\".\"eoffice_username\", \"public\".\"User\".\"eoffice_password\", \"public\".\"User\".\"account_is_verified\", \"public\".\"User\".\"email_is_verified\", \"public\".\"User\".\"password_updated_at\", \"public\".\"User\".\"created_at\", \"public\".\"User\".\"updated_at\", \"public\".\"User\".\"role_id\" FROM \"public\".\"User\" WHERE \"public\".\"User\".\"user_id\" = $1 LIMIT $2 OFFSET $3 [\"78257b9f-e828-45c2-9f6b-842a13045cfe\",1,0]"}
{"level":"\u001b[32minfo\u001b[39m","message":"COMMIT []"}
{"level":"\u001b[32minfo\u001b[39m","message":"SELECT \"public\".\"User\".\"user_id\", \"public\".\"User\".\"username\", \"public\".\"User\".\"email\", \"public\".\"User\".\"password\", \"public\".\"User\".\"full_name\", \"public\".\"User\".\"provider\"::text, \"public\".\"User\".\"role_id\" FROM \"public\".\"User\" WHERE (\"public\".\"User\".\"username\" = $1 OR \"public\".\"User\".\"email\" = $2) OFFSET $3 [\"dimas_aulia_fachrudin_161\",\"dimas_aulia_fachrudin_161\",0]"}
{"level":"\u001b[32minfo\u001b[39m","message":"SELECT \"public\".\"Role\".\"role_id\", \"public\".\"Role\".\"name\" FROM \"public\".\"Role\" WHERE \"public\".\"Role\".\"role_id\" IN ($1) OFFSET $2 [\"cm3ihbp3q0000akkzh5juao0a\",0]"}
{"level":"\u001b[32minfo\u001b[39m","message":"Starting a postgresql pool with 9 connections.","target":"quaint::pooled","timestamp":"2024-11-19T06:50:22.258Z"}
{"level":"\u001b[32minfo\u001b[39m","message":"SELECT \"public\".\"User\".\"user_id\", \"public\".\"User\".\"username\", \"public\".\"User\".\"email\", \"public\".\"User\".\"password\", \"public\".\"User\".\"full_name\", \"public\".\"User\".\"provider\"::text, \"public\".\"User\".\"role_id\" FROM \"public\".\"User\" WHERE 1=0 OFFSET $1 [0]"}
{"level":"\u001b[32minfo\u001b[39m","message":"Starting a postgresql pool with 9 connections.","target":"quaint::pooled","timestamp":"2024-11-19T07:06:29.429Z"}
{"level":"\u001b[32minfo\u001b[39m","message":"SELECT \"public\".\"User\".\"user_id\", \"public\".\"User\".\"username\", \"public\".\"User\".\"email\", \"public\".\"User\".\"password\", \"public\".\"User\".\"full_name\", \"public\".\"User\".\"provider\"::text, \"public\".\"User\".\"role_id\" FROM \"public\".\"User\" WHERE 1=0 OFFSET $1 [0]"}
{"level":"\u001b[32minfo\u001b[39m","message":"Starting a postgresql pool with 9 connections.","target":"quaint::pooled","timestamp":"2024-11-19T07:09:21.269Z"}
{"level":"\u001b[32minfo\u001b[39m","message":"SELECT \"public\".\"User\".\"user_id\", \"public\".\"User\".\"username\", \"public\".\"User\".\"email\", \"public\".\"User\".\"password\", \"public\".\"User\".\"full_name\", \"public\".\"User\".\"provider\"::text, \"public\".\"User\".\"role_id\" FROM \"public\".\"User\" WHERE 1=0 OFFSET $1 [0]"}
{"level":"\u001b[32minfo\u001b[39m","message":"Starting a postgresql pool with 9 connections.","target":"quaint::pooled","timestamp":"2024-11-19T07:10:38.063Z"}
{"level":"\u001b[32minfo\u001b[39m","message":"SELECT \"public\".\"User\".\"user_id\", \"public\".\"User\".\"username\", \"public\".\"User\".\"email\", \"public\".\"User\".\"password\", \"public\".\"User\".\"full_name\", \"public\".\"User\".\"provider\"::text, \"public\".\"User\".\"role_id\" FROM \"public\".\"User\" WHERE 1=0 OFFSET $1 [0]"}
{"level":"\u001b[32minfo\u001b[39m","message":"Starting a postgresql pool with 9 connections.","target":"quaint::pooled","timestamp":"2024-11-19T07:10:54.245Z"}
{"level":"\u001b[32minfo\u001b[39m","message":"SELECT \"public\".\"User\".\"user_id\", \"public\".\"User\".\"username\", \"public\".\"User\".\"email\", \"public\".\"User\".\"password\", \"public\".\"User\".\"full_name\", \"public\".\"User\".\"provider\"::text, \"public\".\"User\".\"role_id\" FROM \"public\".\"User\" WHERE 1=0 OFFSET $1 [0]"}
{"level":"\u001b[32minfo\u001b[39m","message":"Starting a postgresql pool with 9 connections.","target":"quaint::pooled","timestamp":"2024-11-19T07:11:43.070Z"}
{"level":"\u001b[32minfo\u001b[39m","message":"SELECT \"public\".\"User\".\"user_id\", \"public\".\"User\".\"username\", \"public\".\"User\".\"email\", \"public\".\"User\".\"password\", \"public\".\"User\".\"full_name\", \"public\".\"User\".\"provider\"::text, \"public\".\"User\".\"role_id\" FROM \"public\".\"User\" WHERE 1=0 OFFSET $1 [0]"}
{"level":"\u001b[32minfo\u001b[39m","message":"Starting a postgresql pool with 9 connections.","target":"quaint::pooled","timestamp":"2024-11-19T07:12:02.052Z"}
{"level":"\u001b[32minfo\u001b[39m","message":"SELECT \"public\".\"User\".\"user_id\", \"public\".\"User\".\"username\", \"public\".\"User\".\"email\", \"public\".\"User\".\"password\", \"public\".\"User\".\"full_name\", \"public\".\"User\".\"provider\"::text, \"public\".\"User\".\"role_id\" FROM \"public\".\"User\" WHERE 1=0 OFFSET $1 [0]"}
{"level":"\u001b[32minfo\u001b[39m","message":"Starting a postgresql pool with 9 connections.","target":"quaint::pooled","timestamp":"2024-11-19T07:12:34.017Z"}
{"level":"\u001b[32minfo\u001b[39m","message":"SELECT \"public\".\"User\".\"user_id\", \"public\".\"User\".\"username\", \"public\".\"User\".\"email\", \"public\".\"User\".\"password\", \"public\".\"User\".\"full_name\", \"public\".\"User\".\"provider\"::text, \"public\".\"User\".\"role_id\" FROM \"public\".\"User\" WHERE 1=0 OFFSET $1 [0]"}
{"level":"\u001b[32minfo\u001b[39m","message":"Starting a postgresql pool with 9 connections.","target":"quaint::pooled","timestamp":"2024-11-19T07:15:48.513Z"}
{"level":"\u001b[32minfo\u001b[39m","message":"SELECT \"public\".\"User\".\"user_id\", \"public\".\"User\".\"username\", \"public\".\"User\".\"email\", \"public\".\"User\".\"password\", \"public\".\"User\".\"full_name\", \"public\".\"User\".\"provider\"::text, \"public\".\"User\".\"role_id\" FROM \"public\".\"User\" WHERE 1=0 OFFSET $1 [0]"}
{"level":"\u001b[32minfo\u001b[39m","message":"Starting a postgresql pool with 9 connections.","target":"quaint::pooled","timestamp":"2024-11-19T07:23:22.776Z"}
{"level":"\u001b[32minfo\u001b[39m","message":"SELECT \"public\".\"User\".\"user_id\", \"public\".\"User\".\"username\", \"public\".\"User\".\"email\", \"public\".\"User\".\"password\", \"public\".\"User\".\"full_name\", \"public\".\"User\".\"provider\"::text, \"public\".\"User\".\"role_id\" FROM \"public\".\"User\" WHERE 1=0 OFFSET $1 [0]"}
{"level":"\u001b[32minfo\u001b[39m","message":"Starting a postgresql pool with 9 connections.","target":"quaint::pooled","timestamp":"2024-11-19T07:23:44.964Z"}
{"level":"\u001b[32minfo\u001b[39m","message":"SELECT \"public\".\"User\".\"user_id\", \"public\".\"User\".\"username\", \"public\".\"User\".\"email\", \"public\".\"User\".\"password\", \"public\".\"User\".\"full_name\", \"public\".\"User\".\"provider\"::text, \"public\".\"User\".\"role_id\" FROM \"public\".\"User\" WHERE 1=0 OFFSET $1 [0]"}
{"level":"\u001b[32minfo\u001b[39m","message":"Starting a postgresql pool with 9 connections.","target":"quaint::pooled","timestamp":"2024-11-19T07:40:02.859Z"}
{"level":"\u001b[32minfo\u001b[39m","message":"SELECT \"public\".\"User\".\"user_id\", \"public\".\"User\".\"username\", \"public\".\"User\".\"email\", \"public\".\"User\".\"password\", \"public\".\"User\".\"full_name\", \"public\".\"User\".\"provider\"::text, \"public\".\"User\".\"role_id\" FROM \"public\".\"User\" WHERE 1=0 OFFSET $1 [0]"}
{"level":"\u001b[32minfo\u001b[39m","message":"Starting a postgresql pool with 9 connections.","target":"quaint::pooled","timestamp":"2024-11-19T07:40:55.669Z"}
{"level":"\u001b[32minfo\u001b[39m","message":"SELECT \"public\".\"User\".\"user_id\", \"public\".\"User\".\"username\", \"public\".\"User\".\"email\", \"public\".\"User\".\"password\", \"public\".\"User\".\"full_name\", \"public\".\"User\".\"provider\"::text, \"public\".\"User\".\"role_id\" FROM \"public\".\"User\" WHERE 1=0 OFFSET $1 [0]"}
{"level":"\u001b[32minfo\u001b[39m","message":"Starting a postgresql pool with 9 connections.","target":"quaint::pooled","timestamp":"2024-11-19T07:42:08.783Z"}
{"level":"\u001b[32minfo\u001b[39m","message":"SELECT \"public\".\"User\".\"user_id\", \"public\".\"User\".\"username\", \"public\".\"User\".\"email\", \"public\".\"User\".\"password\", \"public\".\"User\".\"full_name\", \"public\".\"User\".\"provider\"::text, \"public\".\"User\".\"role_id\" FROM \"public\".\"User\" WHERE 1=0 OFFSET $1 [0]"}
{"level":"\u001b[32minfo\u001b[39m","message":"Starting a postgresql pool with 9 connections.","target":"quaint::pooled","timestamp":"2024-11-19T07:43:15.080Z"}
{"level":"\u001b[32minfo\u001b[39m","message":"SELECT \"public\".\"User\".\"user_id\", \"public\".\"User\".\"username\", \"public\".\"User\".\"email\", \"public\".\"User\".\"password\", \"public\".\"User\".\"full_name\", \"public\".\"User\".\"provider\"::text, \"public\".\"User\".\"role_id\" FROM \"public\".\"User\" WHERE 1=0 OFFSET $1 [0]"}
{"level":"\u001b[32minfo\u001b[39m","message":"Starting a postgresql pool with 9 connections.","target":"quaint::pooled","timestamp":"2024-11-19T07:44:18.325Z"}
{"level":"\u001b[32minfo\u001b[39m","message":"SELECT \"public\".\"User\".\"user_id\", \"public\".\"User\".\"username\", \"public\".\"User\".\"email\", \"public\".\"User\".\"password\", \"public\".\"User\".\"full_name\", \"public\".\"User\".\"provider\"::text, \"public\".\"User\".\"role_id\" FROM \"public\".\"User\" WHERE (\"public\".\"User\".\"username\" = $1 OR \"public\".\"User\".\"email\" = $2) OFFSET $3 [\"dimasauliafachrudin@gmail.com\",\"dimasauliafachrudin@gmail.com\",0]"}
{"level":"\u001b[32minfo\u001b[39m","message":"SELECT \"public\".\"Role\".\"role_id\", \"public\".\"Role\".\"name\" FROM \"public\".\"Role\" WHERE \"public\".\"Role\".\"role_id\" IN ($1) OFFSET $2 [\"cm3ihbp3q0000akkzh5juao0a\",0]"}
{"level":"\u001b[32minfo\u001b[39m","message":"SELECT 1 []"}
{"level":"\u001b[32minfo\u001b[39m","message":"SELECT COUNT(*) FROM (SELECT \"public\".\"User\".\"user_id\" FROM \"public\".\"User\" WHERE (\"public\".\"User\".\"username\" = $1 OR \"public\".\"User\".\"email\" = $2) OFFSET $3) AS \"sub\" [\"dimas_aulia_fachrudin_752\",\"dimas.auliafachrudin.tik19@mhsw.pnj.ac.id\",0]"}
{"level":"\u001b[32minfo\u001b[39m","message":"BEGIN []"}
{"level":"\u001b[32minfo\u001b[39m","message":"SELECT \"public\".\"Role\".\"role_id\" FROM \"public\".\"Role\" WHERE (\"public\".\"Role\".\"name\" = $1 AND 1=1) OFFSET $2 [\"BASE\",0]"}
{"level":"\u001b[32minfo\u001b[39m","message":"INSERT INTO \"public\".\"User\" (\"user_id\",\"username\",\"email\",\"password\",\"provider\",\"provider_id\",\"full_name\",\"account_is_verified\",\"email_is_verified\",\"password_updated_at\",\"created_at\",\"updated_at\",\"role_id\") VALUES ($1,$2,$3,$4,CAST($5::text AS \"public\".\"Provider\"),$6,$7,$8,$9,$10,$11,$12,$13) RETURNING \"public\".\"User\".\"user_id\" [\"47c9ab8a-73b6-4633-b006-def239d6c389\",\"dimas_aulia_fachrudin_752\",\"dimas.auliafachrudin.tik19@mhsw.pnj.ac.id\",\"$2b$10$Yfj6W4mrcctjLLBlr8V0We2sS.KLfRyMdJ/sZ5FboUxmBY2CuGFee\",\"GOOGLE\",\"108908495199064031903\",\"Dimas Aulia Fachrudin\",false,false,\"2024-11-19 07:44:51.110 UTC\",\"2024-11-19 07:44:52.118 UTC\",\"2024-11-19 07:44:52.118 UTC\",\"cm3ihbp3q0000akkzh5juao0a\"]"}
{"level":"\u001b[32minfo\u001b[39m","message":"SELECT \"public\".\"User\".\"user_id\", \"public\".\"User\".\"username\", \"public\".\"User\".\"email\", \"public\".\"User\".\"password\", \"public\".\"User\".\"provider\"::text, \"public\".\"User\".\"provider_id\", \"public\".\"User\".\"full_name\", \"public\".\"User\".\"eoffice_username\", \"public\".\"User\".\"eoffice_password\", \"public\".\"User\".\"account_is_verified\", \"public\".\"User\".\"email_is_verified\", \"public\".\"User\".\"password_updated_at\", \"public\".\"User\".\"created_at\", \"public\".\"User\".\"updated_at\", \"public\".\"User\".\"role_id\" FROM \"public\".\"User\" WHERE \"public\".\"User\".\"user_id\" = $1 LIMIT $2 OFFSET $3 [\"47c9ab8a-73b6-4633-b006-def239d6c389\",1,0]"}
{"level":"\u001b[32minfo\u001b[39m","message":"COMMIT []"}
{"level":"\u001b[32minfo\u001b[39m","message":"SELECT \"public\".\"User\".\"user_id\", \"public\".\"User\".\"username\", \"public\".\"User\".\"email\", \"public\".\"User\".\"password\", \"public\".\"User\".\"full_name\", \"public\".\"User\".\"provider\"::text, \"public\".\"User\".\"role_id\" FROM \"public\".\"User\" WHERE (\"public\".\"User\".\"username\" = $1 OR \"public\".\"User\".\"email\" = $2) OFFSET $3 [\"dimas_aulia_fachrudin_752\",\"dimas_aulia_fachrudin_752\",0]"}
{"level":"\u001b[32minfo\u001b[39m","message":"SELECT \"public\".\"Role\".\"role_id\", \"public\".\"Role\".\"name\" FROM \"public\".\"Role\" WHERE \"public\".\"Role\".\"role_id\" IN ($1) OFFSET $2 [\"cm3ihbp3q0000akkzh5juao0a\",0]"}
